
*** Running vivado
    with args -log top.vdi -applog -m64 -product Vivado -messageDb vivado.pb -mode batch -source top.tcl -notrace


****** Vivado v2017.4 (64-bit)
  **** SW Build 2086221 on Fri Dec 15 20:55:39 MST 2017
  **** IP Build 2085800 on Fri Dec 15 22:25:07 MST 2017
    ** Copyright 1986-2017 Xilinx, Inc. All Rights Reserved.

source top.tcl -notrace
Command: link_design -top top -part xc7a100tfgg484-1
Design is defaulting to srcset: sources_1
Design is defaulting to constrset: constrs_1
INFO: [Project 1-454] Reading design checkpoint 'f:/project_2/project_2/project_2.srcs/sources_1/ip/dist_mem_gen_0/dist_mem_gen_0.dcp' for cell 'rt/d'
INFO: [Netlist 29-17] Analyzing 6 Unisim elements for replacement
INFO: [Netlist 29-28] Unisim Transformation completed in 0 CPU seconds
INFO: [Project 1-479] Netlist was created with Vivado 2017.4
INFO: [Device 21-403] Loading part xc7a100tfgg484-1
INFO: [Project 1-570] Preparing netlist for logic optimization
Parsing XDC File [F:/project_2/project_2/project_2.srcs/constrs_1/new/noname.xdc]
WARNING: [Vivado 12-584] No ports matched 'result[31]'. [F:/project_2/project_2/project_2.srcs/constrs_1/new/noname.xdc:28]
CRITICAL WARNING: [Common 17-55] 'set_property' expects at least one object. [F:/project_2/project_2/project_2.srcs/constrs_1/new/noname.xdc:28]
Resolution: If [get_<value>] was used to populate the object, check to make sure this command returns at least one valid object.
WARNING: [Vivado 12-584] No ports matched 'result[30]'. [F:/project_2/project_2/project_2.srcs/constrs_1/new/noname.xdc:29]
CRITICAL WARNING: [Common 17-55] 'set_property' expects at least one object. [F:/project_2/project_2/project_2.srcs/constrs_1/new/noname.xdc:29]
Resolution: If [get_<value>] was used to populate the object, check to make sure this command returns at least one valid object.
WARNING: [Vivado 12-584] No ports matched 'result[29]'. [F:/project_2/project_2/project_2.srcs/constrs_1/new/noname.xdc:30]
CRITICAL WARNING: [Common 17-55] 'set_property' expects at least one object. [F:/project_2/project_2/project_2.srcs/constrs_1/new/noname.xdc:30]
Resolution: If [get_<value>] was used to populate the object, check to make sure this command returns at least one valid object.
WARNING: [Vivado 12-584] No ports matched 'result[28]'. [F:/project_2/project_2/project_2.srcs/constrs_1/new/noname.xdc:31]
CRITICAL WARNING: [Common 17-55] 'set_property' expects at least one object. [F:/project_2/project_2/project_2.srcs/constrs_1/new/noname.xdc:31]
Resolution: If [get_<value>] was used to populate the object, check to make sure this command returns at least one valid object.
WARNING: [Vivado 12-584] No ports matched 'result[27]'. [F:/project_2/project_2/project_2.srcs/constrs_1/new/noname.xdc:32]
CRITICAL WARNING: [Common 17-55] 'set_property' expects at least one object. [F:/project_2/project_2/project_2.srcs/constrs_1/new/noname.xdc:32]
Resolution: If [get_<value>] was used to populate the object, check to make sure this command returns at least one valid object.
WARNING: [Vivado 12-584] No ports matched 'result[26]'. [F:/project_2/project_2/project_2.srcs/constrs_1/new/noname.xdc:33]
CRITICAL WARNING: [Common 17-55] 'set_property' expects at least one object. [F:/project_2/project_2/project_2.srcs/constrs_1/new/noname.xdc:33]
Resolution: If [get_<value>] was used to populate the object, check to make sure this command returns at least one valid object.
WARNING: [Vivado 12-584] No ports matched 'result[25]'. [F:/project_2/project_2/project_2.srcs/constrs_1/new/noname.xdc:34]
CRITICAL WARNING: [Common 17-55] 'set_property' expects at least one object. [F:/project_2/project_2/project_2.srcs/constrs_1/new/noname.xdc:34]
Resolution: If [get_<value>] was used to populate the object, check to make sure this command returns at least one valid object.
WARNING: [Vivado 12-584] No ports matched 'result[24]'. [F:/project_2/project_2/project_2.srcs/constrs_1/new/noname.xdc:35]
CRITICAL WARNING: [Common 17-55] 'set_property' expects at least one object. [F:/project_2/project_2/project_2.srcs/constrs_1/new/noname.xdc:35]
Resolution: If [get_<value>] was used to populate the object, check to make sure this command returns at least one valid object.
WARNING: [Vivado 12-584] No ports matched 'result[23]'. [F:/project_2/project_2/project_2.srcs/constrs_1/new/noname.xdc:36]
CRITICAL WARNING: [Common 17-55] 'set_property' expects at least one object. [F:/project_2/project_2/project_2.srcs/constrs_1/new/noname.xdc:36]
Resolution: If [get_<value>] was used to populate the object, check to make sure this command returns at least one valid object.
WARNING: [Vivado 12-584] No ports matched 'result[22]'. [F:/project_2/project_2/project_2.srcs/constrs_1/new/noname.xdc:37]
CRITICAL WARNING: [Common 17-55] 'set_property' expects at least one object. [F:/project_2/project_2/project_2.srcs/constrs_1/new/noname.xdc:37]
Resolution: If [get_<value>] was used to populate the object, check to make sure this command returns at least one valid object.
WARNING: [Vivado 12-584] No ports matched 'result[21]'. [F:/project_2/project_2/project_2.srcs/constrs_1/new/noname.xdc:38]
CRITICAL WARNING: [Common 17-55] 'set_property' expects at least one object. [F:/project_2/project_2/project_2.srcs/constrs_1/new/noname.xdc:38]
Resolution: If [get_<value>] was used to populate the object, check to make sure this command returns at least one valid object.
WARNING: [Vivado 12-584] No ports matched 'result[20]'. [F:/project_2/project_2/project_2.srcs/constrs_1/new/noname.xdc:39]
CRITICAL WARNING: [Common 17-55] 'set_property' expects at least one object. [F:/project_2/project_2/project_2.srcs/constrs_1/new/noname.xdc:39]
Resolution: If [get_<value>] was used to populate the object, check to make sure this command returns at least one valid object.
WARNING: [Vivado 12-584] No ports matched 'result[19]'. [F:/project_2/project_2/project_2.srcs/constrs_1/new/noname.xdc:40]
CRITICAL WARNING: [Common 17-55] 'set_property' expects at least one object. [F:/project_2/project_2/project_2.srcs/constrs_1/new/noname.xdc:40]
Resolution: If [get_<value>] was used to populate the object, check to make sure this command returns at least one valid object.
WARNING: [Vivado 12-584] No ports matched 'result[18]'. [F:/project_2/project_2/project_2.srcs/constrs_1/new/noname.xdc:41]
CRITICAL WARNING: [Common 17-55] 'set_property' expects at least one object. [F:/project_2/project_2/project_2.srcs/constrs_1/new/noname.xdc:41]
Resolution: If [get_<value>] was used to populate the object, check to make sure this command returns at least one valid object.
WARNING: [Vivado 12-584] No ports matched 'result[17]'. [F:/project_2/project_2/project_2.srcs/constrs_1/new/noname.xdc:42]
CRITICAL WARNING: [Common 17-55] 'set_property' expects at least one object. [F:/project_2/project_2/project_2.srcs/constrs_1/new/noname.xdc:42]
Resolution: If [get_<value>] was used to populate the object, check to make sure this command returns at least one valid object.
WARNING: [Vivado 12-584] No ports matched 'result[16]'. [F:/project_2/project_2/project_2.srcs/constrs_1/new/noname.xdc:43]
CRITICAL WARNING: [Common 17-55] 'set_property' expects at least one object. [F:/project_2/project_2/project_2.srcs/constrs_1/new/noname.xdc:43]
Resolution: If [get_<value>] was used to populate the object, check to make sure this command returns at least one valid object.
WARNING: [Vivado 12-584] No ports matched 'result[15]'. [F:/project_2/project_2/project_2.srcs/constrs_1/new/noname.xdc:44]
CRITICAL WARNING: [Common 17-55] 'set_property' expects at least one object. [F:/project_2/project_2/project_2.srcs/constrs_1/new/noname.xdc:44]
Resolution: If [get_<value>] was used to populate the object, check to make sure this command returns at least one valid object.
WARNING: [Vivado 12-584] No ports matched 'result[14]'. [F:/project_2/project_2/project_2.srcs/constrs_1/new/noname.xdc:45]
CRITICAL WARNING: [Common 17-55] 'set_property' expects at least one object. [F:/project_2/project_2/project_2.srcs/constrs_1/new/noname.xdc:45]
Resolution: If [get_<value>] was used to populate the object, check to make sure this command returns at least one valid object.
WARNING: [Vivado 12-584] No ports matched 'result[13]'. [F:/project_2/project_2/project_2.srcs/constrs_1/new/noname.xdc:46]
CRITICAL WARNING: [Common 17-55] 'set_property' expects at least one object. [F:/project_2/project_2/project_2.srcs/constrs_1/new/noname.xdc:46]
Resolution: If [get_<value>] was used to populate the object, check to make sure this command returns at least one valid object.
WARNING: [Vivado 12-584] No ports matched 'result[12]'. [F:/project_2/project_2/project_2.srcs/constrs_1/new/noname.xdc:47]
CRITICAL WARNING: [Common 17-55] 'set_property' expects at least one object. [F:/project_2/project_2/project_2.srcs/constrs_1/new/noname.xdc:47]
Resolution: If [get_<value>] was used to populate the object, check to make sure this command returns at least one valid object.
WARNING: [Vivado 12-584] No ports matched 'result[31]'. [F:/project_2/project_2/project_2.srcs/constrs_1/new/noname.xdc:48]
CRITICAL WARNING: [Common 17-55] 'set_property' expects at least one object. [F:/project_2/project_2/project_2.srcs/constrs_1/new/noname.xdc:48]
Resolution: If [get_<value>] was used to populate the object, check to make sure this command returns at least one valid object.
WARNING: [Vivado 12-584] No ports matched 'result[30]'. [F:/project_2/project_2/project_2.srcs/constrs_1/new/noname.xdc:49]
CRITICAL WARNING: [Common 17-55] 'set_property' expects at least one object. [F:/project_2/project_2/project_2.srcs/constrs_1/new/noname.xdc:49]
Resolution: If [get_<value>] was used to populate the object, check to make sure this command returns at least one valid object.
WARNING: [Vivado 12-584] No ports matched 'result[29]'. [F:/project_2/project_2/project_2.srcs/constrs_1/new/noname.xdc:50]
CRITICAL WARNING: [Common 17-55] 'set_property' expects at least one object. [F:/project_2/project_2/project_2.srcs/constrs_1/new/noname.xdc:50]
Resolution: If [get_<value>] was used to populate the object, check to make sure this command returns at least one valid object.
WARNING: [Vivado 12-584] No ports matched 'result[28]'. [F:/project_2/project_2/project_2.srcs/constrs_1/new/noname.xdc:51]
CRITICAL WARNING: [Common 17-55] 'set_property' expects at least one object. [F:/project_2/project_2/project_2.srcs/constrs_1/new/noname.xdc:51]
Resolution: If [get_<value>] was used to populate the object, check to make sure this command returns at least one valid object.
WARNING: [Vivado 12-584] No ports matched 'result[27]'. [F:/project_2/project_2/project_2.srcs/constrs_1/new/noname.xdc:52]
CRITICAL WARNING: [Common 17-55] 'set_property' expects at least one object. [F:/project_2/project_2/project_2.srcs/constrs_1/new/noname.xdc:52]
Resolution: If [get_<value>] was used to populate the object, check to make sure this command returns at least one valid object.
WARNING: [Vivado 12-584] No ports matched 'result[26]'. [F:/project_2/project_2/project_2.srcs/constrs_1/new/noname.xdc:53]
CRITICAL WARNING: [Common 17-55] 'set_property' expects at least one object. [F:/project_2/project_2/project_2.srcs/constrs_1/new/noname.xdc:53]
Resolution: If [get_<value>] was used to populate the object, check to make sure this command returns at least one valid object.
WARNING: [Vivado 12-584] No ports matched 'result[25]'. [F:/project_2/project_2/project_2.srcs/constrs_1/new/noname.xdc:54]
CRITICAL WARNING: [Common 17-55] 'set_property' expects at least one object. [F:/project_2/project_2/project_2.srcs/constrs_1/new/noname.xdc:54]
Resolution: If [get_<value>] was used to populate the object, check to make sure this command returns at least one valid object.
WARNING: [Vivado 12-584] No ports matched 'result[24]'. [F:/project_2/project_2/project_2.srcs/constrs_1/new/noname.xdc:55]
CRITICAL WARNING: [Common 17-55] 'set_property' expects at least one object. [F:/project_2/project_2/project_2.srcs/constrs_1/new/noname.xdc:55]
Resolution: If [get_<value>] was used to populate the object, check to make sure this command returns at least one valid object.
WARNING: [Vivado 12-584] No ports matched 'result[23]'. [F:/project_2/project_2/project_2.srcs/constrs_1/new/noname.xdc:56]
CRITICAL WARNING: [Common 17-55] 'set_property' expects at least one object. [F:/project_2/project_2/project_2.srcs/constrs_1/new/noname.xdc:56]
Resolution: If [get_<value>] was used to populate the object, check to make sure this command returns at least one valid object.
WARNING: [Vivado 12-584] No ports matched 'result[22]'. [F:/project_2/project_2/project_2.srcs/constrs_1/new/noname.xdc:57]
CRITICAL WARNING: [Common 17-55] 'set_property' expects at least one object. [F:/project_2/project_2/project_2.srcs/constrs_1/new/noname.xdc:57]
Resolution: If [get_<value>] was used to populate the object, check to make sure this command returns at least one valid object.
WARNING: [Vivado 12-584] No ports matched 'result[21]'. [F:/project_2/project_2/project_2.srcs/constrs_1/new/noname.xdc:58]
CRITICAL WARNING: [Common 17-55] 'set_property' expects at least one object. [F:/project_2/project_2/project_2.srcs/constrs_1/new/noname.xdc:58]
Resolution: If [get_<value>] was used to populate the object, check to make sure this command returns at least one valid object.
WARNING: [Vivado 12-584] No ports matched 'result[20]'. [F:/project_2/project_2/project_2.srcs/constrs_1/new/noname.xdc:59]
CRITICAL WARNING: [Common 17-55] 'set_property' expects at least one object. [F:/project_2/project_2/project_2.srcs/constrs_1/new/noname.xdc:59]
Resolution: If [get_<value>] was used to populate the object, check to make sure this command returns at least one valid object.
WARNING: [Vivado 12-584] No ports matched 'result[19]'. [F:/project_2/project_2/project_2.srcs/constrs_1/new/noname.xdc:60]
CRITICAL WARNING: [Common 17-55] 'set_property' expects at least one object. [F:/project_2/project_2/project_2.srcs/constrs_1/new/noname.xdc:60]
Resolution: If [get_<value>] was used to populate the object, check to make sure this command returns at least one valid object.
WARNING: [Vivado 12-584] No ports matched 'result[18]'. [F:/project_2/project_2/project_2.srcs/constrs_1/new/noname.xdc:61]
CRITICAL WARNING: [Common 17-55] 'set_property' expects at least one object. [F:/project_2/project_2/project_2.srcs/constrs_1/new/noname.xdc:61]
Resolution: If [get_<value>] was used to populate the object, check to make sure this command returns at least one valid object.
WARNING: [Vivado 12-584] No ports matched 'result[17]'. [F:/project_2/project_2/project_2.srcs/constrs_1/new/noname.xdc:62]
CRITICAL WARNING: [Common 17-55] 'set_property' expects at least one object. [F:/project_2/project_2/project_2.srcs/constrs_1/new/noname.xdc:62]
Resolution: If [get_<value>] was used to populate the object, check to make sure this command returns at least one valid object.
Finished Parsing XDC File [F:/project_2/project_2/project_2.srcs/constrs_1/new/noname.xdc]
INFO: [Opt 31-138] Pushed 0 inverter(s) to 0 load pin(s).
INFO: [Project 1-111] Unisim Transformation Summary:
No Unisim elements were transformed.

8 Infos, 35 Warnings, 35 Critical Warnings and 0 Errors encountered.
link_design completed successfully
link_design: Time (s): cpu = 00:00:06 ; elapsed = 00:00:09 . Memory (MB): peak = 577.008 ; gain = 331.813
Command: opt_design
Attempting to get a license for feature 'Implementation' and/or device 'xc7a100t'
INFO: [Common 17-349] Got license for feature 'Implementation' and/or device 'xc7a100t'
Running DRC as a precondition to command opt_design

Starting DRC Task
INFO: [DRC 23-27] Running DRC with 2 threads
INFO: [Project 1-461] DRC finished with 0 Errors
INFO: [Project 1-462] Please refer to the DRC report (report_drc) for more information.

Time (s): cpu = 00:00:00 ; elapsed = 00:00:00.422 . Memory (MB): peak = 589.199 ; gain = 12.191
INFO: [Timing 38-35] Done setting XDC timing constraints.

Starting Logic Optimization Task

Phase 1 Retarget
INFO: [Opt 31-138] Pushed 0 inverter(s) to 0 load pin(s).
INFO: [Opt 31-49] Retargeted 0 cell(s).
Phase 1 Retarget | Checksum: 129221cd1

Time (s): cpu = 00:00:00 ; elapsed = 00:00:00.032 . Memory (MB): peak = 1122.496 ; gain = 0.000
INFO: [Opt 31-389] Phase Retarget created 3 cells and removed 3 cells

Phase 2 Constant propagation
INFO: [Opt 31-138] Pushed 0 inverter(s) to 0 load pin(s).
Phase 2 Constant propagation | Checksum: 129221cd1

Time (s): cpu = 00:00:00 ; elapsed = 00:00:00.035 . Memory (MB): peak = 1122.496 ; gain = 0.000
INFO: [Opt 31-389] Phase Constant propagation created 0 cells and removed 0 cells

Phase 3 Sweep
Phase 3 Sweep | Checksum: 123474fcf

Time (s): cpu = 00:00:00 ; elapsed = 00:00:00.045 . Memory (MB): peak = 1122.496 ; gain = 0.000
INFO: [Opt 31-389] Phase Sweep created 0 cells and removed 0 cells

Phase 4 BUFG optimization
Phase 4 BUFG optimization | Checksum: 123474fcf

Time (s): cpu = 00:00:00 ; elapsed = 00:00:00.047 . Memory (MB): peak = 1122.496 ; gain = 0.000
INFO: [Opt 31-389] Phase BUFG optimization created 0 cells and removed 0 cells

Phase 5 Shift Register Optimization
Phase 5 Shift Register Optimization | Checksum: 123474fcf

Time (s): cpu = 00:00:00 ; elapsed = 00:00:00.048 . Memory (MB): peak = 1122.496 ; gain = 0.000
INFO: [Opt 31-389] Phase Shift Register Optimization created 0 cells and removed 0 cells

Starting Connectivity Check Task

Time (s): cpu = 00:00:00 ; elapsed = 00:00:00 . Memory (MB): peak = 1122.496 ; gain = 0.000
Ending Logic Optimization Task | Checksum: 123474fcf

Time (s): cpu = 00:00:00 ; elapsed = 00:00:00.051 . Memory (MB): peak = 1122.496 ; gain = 0.000

Starting Power Optimization Task
INFO: [Pwropt 34-132] Skipping clock gating for clocks with a period < 2.00 ns.
Ending Power Optimization Task | Checksum: 10a126315

Time (s): cpu = 00:00:00 ; elapsed = 00:00:00.006 . Memory (MB): peak = 1122.496 ; gain = 0.000
INFO: [Common 17-83] Releasing license: Implementation
23 Infos, 35 Warnings, 35 Critical Warnings and 0 Errors encountered.
opt_design completed successfully
opt_design: Time (s): cpu = 00:00:10 ; elapsed = 00:00:10 . Memory (MB): peak = 1122.496 ; gain = 545.488
Writing placer database...
Writing XDEF routing.
Writing XDEF routing logical nets.
Writing XDEF routing special nets.
Write XDEF Complete: Time (s): cpu = 00:00:00 ; elapsed = 00:00:00.273 . Memory (MB): peak = 1122.496 ; gain = 0.000
INFO: [Common 17-1381] The checkpoint 'F:/project_2/project_2/project_2.runs/impl_1/top_opt.dcp' has been generated.
INFO: [runtcl-4] Executing : report_drc -file top_drc_opted.rpt -pb top_drc_opted.pb -rpx top_drc_opted.rpx
Command: report_drc -file top_drc_opted.rpt -pb top_drc_opted.pb -rpx top_drc_opted.rpx
INFO: [IP_Flow 19-1839] IP Catalog is up to date.
INFO: [DRC 23-27] Running DRC with 2 threads
INFO: [Coretcl 2-168] The results of DRC are in file F:/project_2/project_2/project_2.runs/impl_1/top_drc_opted.rpt.
report_drc completed successfully
INFO: [Chipscope 16-241] No debug cores found in the current design.
Before running the implement_debug_core command, either use the Set Up Debug wizard (GUI mode)
or use the create_debug_core and connect_debug_core Tcl commands to insert debug cores into the design.
Command: place_design
Attempting to get a license for feature 'Implementation' and/or device 'xc7a100t'
INFO: [Common 17-349] Got license for feature 'Implementation' and/or device 'xc7a100t'
INFO: [DRC 23-27] Running DRC with 2 threads
INFO: [Vivado_Tcl 4-198] DRC finished with 0 Errors
INFO: [Vivado_Tcl 4-199] Please refer to the DRC report (report_drc) for more information.
Running DRC as a precondition to command place_design
INFO: [DRC 23-27] Running DRC with 2 threads
INFO: [Vivado_Tcl 4-198] DRC finished with 0 Errors
INFO: [Vivado_Tcl 4-199] Please refer to the DRC report (report_drc) for more information.

Starting Placer Task
INFO: [Place 30-611] Multithreading enabled for place_design using a maximum of 2 CPUs

Phase 1 Placer Initialization

Phase 1.1 Placer Initialization Netlist Sorting
Netlist sorting complete. Time (s): cpu = 00:00:00 ; elapsed = 00:00:00 . Memory (MB): peak = 1122.496 ; gain = 0.000
Phase 1.1 Placer Initialization Netlist Sorting | Checksum: b62e694d

Time (s): cpu = 00:00:00 ; elapsed = 00:00:00.003 . Memory (MB): peak = 1122.496 ; gain = 0.000
INFO: [Timing 38-35] Done setting XDC timing constraints.
INFO: [Opt 31-138] Pushed 0 inverter(s) to 0 load pin(s).
Netlist sorting complete. Time (s): cpu = 00:00:00 ; elapsed = 00:00:00 . Memory (MB): peak = 1122.496 ; gain = 0.000

Phase 1.2 IO Placement/ Clock Placement/ Build Placer Device
INFO: [Timing 38-35] Done setting XDC timing constraints.
Phase 1.2 IO Placement/ Clock Placement/ Build Placer Device | Checksum: a3249147

Time (s): cpu = 00:00:02 ; elapsed = 00:00:00.819 . Memory (MB): peak = 1122.496 ; gain = 0.000

Phase 1.3 Build Placer Netlist Model
Phase 1.3 Build Placer Netlist Model | Checksum: 18967fada

Time (s): cpu = 00:00:02 ; elapsed = 00:00:00.849 . Memory (MB): peak = 1122.496 ; gain = 0.000

Phase 1.4 Constrain Clocks/Macros
Phase 1.4 Constrain Clocks/Macros | Checksum: 18967fada

Time (s): cpu = 00:00:02 ; elapsed = 00:00:00.851 . Memory (MB): peak = 1122.496 ; gain = 0.000
Phase 1 Placer Initialization | Checksum: 18967fada

Time (s): cpu = 00:00:02 ; elapsed = 00:00:00.851 . Memory (MB): peak = 1122.496 ; gain = 0.000

Phase 2 Global Placement
Phase 2 Global Placement | Checksum: 16bb5247f

Time (s): cpu = 00:00:02 ; elapsed = 00:00:01 . Memory (MB): peak = 1122.496 ; gain = 0.000

Phase 3 Detail Placement

Phase 3.1 Commit Multi Column Macros
Phase 3.1 Commit Multi Column Macros | Checksum: 16bb5247f

Time (s): cpu = 00:00:02 ; elapsed = 00:00:01 . Memory (MB): peak = 1122.496 ; gain = 0.000

Phase 3.2 Commit Most Macros & LUTRAMs
Phase 3.2 Commit Most Macros & LUTRAMs | Checksum: e7b139ea

Time (s): cpu = 00:00:02 ; elapsed = 00:00:01 . Memory (MB): peak = 1122.496 ; gain = 0.000

Phase 3.3 Area Swap Optimization
Phase 3.3 Area Swap Optimization | Checksum: cc9068de

Time (s): cpu = 00:00:02 ; elapsed = 00:00:01 . Memory (MB): peak = 1122.496 ; gain = 0.000

Phase 3.4 Pipeline Register Optimization
Phase 3.4 Pipeline Register Optimization | Checksum: cc9068de

Time (s): cpu = 00:00:02 ; elapsed = 00:00:01 . Memory (MB): peak = 1122.496 ; gain = 0.000

Phase 3.5 Small Shape Detail Placement
Phase 3.5 Small Shape Detail Placement | Checksum: c00823ac

Time (s): cpu = 00:00:02 ; elapsed = 00:00:01 . Memory (MB): peak = 1122.789 ; gain = 0.293

Phase 3.6 Re-assign LUT pins
Phase 3.6 Re-assign LUT pins | Checksum: c00823ac

Time (s): cpu = 00:00:02 ; elapsed = 00:00:01 . Memory (MB): peak = 1122.789 ; gain = 0.293

Phase 3.7 Pipeline Register Optimization
Phase 3.7 Pipeline Register Optimization | Checksum: c00823ac

Time (s): cpu = 00:00:02 ; elapsed = 00:00:01 . Memory (MB): peak = 1122.789 ; gain = 0.293
Phase 3 Detail Placement | Checksum: c00823ac

Time (s): cpu = 00:00:02 ; elapsed = 00:00:01 . Memory (MB): peak = 1122.789 ; gain = 0.293

Phase 4 Post Placement Optimization and Clean-Up

Phase 4.1 Post Commit Optimization
Phase 4.1 Post Commit Optimization | Checksum: c00823ac

Time (s): cpu = 00:00:02 ; elapsed = 00:00:01 . Memory (MB): peak = 1122.789 ; gain = 0.293

Phase 4.2 Post Placement Cleanup
Phase 4.2 Post Placement Cleanup | Checksum: c00823ac

Time (s): cpu = 00:00:02 ; elapsed = 00:00:01 . Memory (MB): peak = 1122.789 ; gain = 0.293

Phase 4.3 Placer Reporting
Phase 4.3 Placer Reporting | Checksum: c00823ac

Time (s): cpu = 00:00:02 ; elapsed = 00:00:01 . Memory (MB): peak = 1122.789 ; gain = 0.293

Phase 4.4 Final Placement Cleanup
Phase 4.4 Final Placement Cleanup | Checksum: c00823ac

Time (s): cpu = 00:00:02 ; elapsed = 00:00:01 . Memory (MB): peak = 1122.789 ; gain = 0.293
Phase 4 Post Placement Optimization and Clean-Up | Checksum: c00823ac

Time (s): cpu = 00:00:02 ; elapsed = 00:00:01 . Memory (MB): peak = 1122.789 ; gain = 0.293
Ending Placer Task | Checksum: 6d6c636a

Time (s): cpu = 00:00:02 ; elapsed = 00:00:01 . Memory (MB): peak = 1122.789 ; gain = 0.293
INFO: [Common 17-83] Releasing license: Implementation
41 Infos, 35 Warnings, 35 Critical Warnings and 0 Errors encountered.
place_design completed successfully
Writing placer database...
Writing XDEF routing.
Writing XDEF routing logical nets.
Writing XDEF routing special nets.
Write XDEF Complete: Time (s): cpu = 00:00:00 ; elapsed = 00:00:00.708 . Memory (MB): peak = 1122.789 ; gain = 0.000
INFO: [Common 17-1381] The checkpoint 'F:/project_2/project_2/project_2.runs/impl_1/top_placed.dcp' has been generated.
INFO: [runtcl-4] Executing : report_io -file top_io_placed.rpt
report_io: Time (s): cpu = 00:00:00 ; elapsed = 00:00:00.294 . Memory (MB): peak = 1125.336 ; gain = 2.547
INFO: [runtcl-4] Executing : report_utilization -file top_utilization_placed.rpt -pb top_utilization_placed.pb
report_utilization: Time (s): cpu = 00:00:00 ; elapsed = 00:00:00.048 . Memory (MB): peak = 1125.336 ; gain = 0.000
INFO: [runtcl-4] Executing : report_control_sets -verbose -file top_control_sets_placed.rpt
report_control_sets: Time (s): cpu = 00:00:00 ; elapsed = 00:00:00.006 . Memory (MB): peak = 1125.336 ; gain = 0.000
Command: route_design
Attempting to get a license for feature 'Implementation' and/or device 'xc7a100t'
INFO: [Common 17-349] Got license for feature 'Implementation' and/or device 'xc7a100t'
Running DRC as a precondition to command route_design
INFO: [DRC 23-27] Running DRC with 2 threads
INFO: [Vivado_Tcl 4-198] DRC finished with 0 Errors
INFO: [Vivado_Tcl 4-199] Please refer to the DRC report (report_drc) for more information.


Starting Routing Task
INFO: [Route 35-254] Multithreading enabled for route_design using a maximum of 2 CPUs
Checksum: PlaceDB: 38af63b3 ConstDB: 0 ShapeSum: 34bcffb7 RouteDB: 0

Phase 1 Build RT Design
Phase 1 Build RT Design | Checksum: 9103ed21

Time (s): cpu = 00:00:28 ; elapsed = 00:00:24 . Memory (MB): peak = 1276.922 ; gain = 150.891
Post Restoration Checksum: NetGraph: 675a3e61 NumContArr: 29a9aec0 Constraints: 0 Timing: 0

Phase 2 Router Initialization
INFO: [Route 35-64] No timing constraints were detected. The router will operate in resource-optimization mode.

Phase 2.1 Fix Topology Constraints
Phase 2.1 Fix Topology Constraints | Checksum: 9103ed21

Time (s): cpu = 00:00:28 ; elapsed = 00:00:24 . Memory (MB): peak = 1282.367 ; gain = 156.336

Phase 2.2 Pre Route Cleanup
Phase 2.2 Pre Route Cleanup | Checksum: 9103ed21

Time (s): cpu = 00:00:28 ; elapsed = 00:00:24 . Memory (MB): peak = 1282.367 ; gain = 156.336
 Number of Nodes with overlaps = 0
Phase 2 Router Initialization | Checksum: 12e8f57b0

Time (s): cpu = 00:00:28 ; elapsed = 00:00:24 . Memory (MB): peak = 1288.148 ; gain = 162.117

Phase 3 Initial Routing
Phase 3 Initial Routing | Checksum: 1017ca7a0

Time (s): cpu = 00:00:28 ; elapsed = 00:00:25 . Memory (MB): peak = 1288.148 ; gain = 162.117

Phase 4 Rip-up And Reroute

Phase 4.1 Global Iteration 0
 Number of Nodes with overlaps = 0
Phase 4.1 Global Iteration 0 | Checksum: 999b2e8b

Time (s): cpu = 00:00:28 ; elapsed = 00:00:25 . Memory (MB): peak = 1288.148 ; gain = 162.117
Phase 4 Rip-up And Reroute | Checksum: 999b2e8b

Time (s): cpu = 00:00:28 ; elapsed = 00:00:25 . Memory (MB): peak = 1288.148 ; gain = 162.117

Phase 5 Delay and Skew Optimization
Phase 5 Delay and Skew Optimization | Checksum: 999b2e8b

Time (s): cpu = 00:00:28 ; elapsed = 00:00:25 . Memory (MB): peak = 1288.148 ; gain = 162.117

Phase 6 Post Hold Fix

Phase 6.1 Hold Fix Iter
Phase 6.1 Hold Fix Iter | Checksum: 999b2e8b

Time (s): cpu = 00:00:28 ; elapsed = 00:00:25 . Memory (MB): peak = 1288.148 ; gain = 162.117
Phase 6 Post Hold Fix | Checksum: 999b2e8b

Time (s): cpu = 00:00:28 ; elapsed = 00:00:25 . Memory (MB): peak = 1288.148 ; gain = 162.117

Phase 7 Route finalize

Router Utilization Summary
  Global Vertical Routing Utilization    = 0.00913957 %
  Global Horizontal Routing Utilization  = 0.01158 %
  Routable Net Status*
  *Does not include unroutable nets such as driverless and loadless.
  Run report_route_status for detailed report.
  Number of Failed Nets               = 0
  Number of Unrouted Nets             = 0
  Number of Partially Routed Nets     = 0
  Number of Node Overlaps             = 0

Utilization threshold used for congestion level computation: 0.85
Congestion Report
North Dir 1x1 Area, Max Cong = 0.900901%, No Congested Regions.
South Dir 1x1 Area, Max Cong = 9.00901%, No Congested Regions.
East Dir 1x1 Area, Max Cong = 2.94118%, No Congested Regions.
West Dir 1x1 Area, Max Cong = 11.7647%, No Congested Regions.
Phase 7 Route finalize | Checksum: 999b2e8b

Time (s): cpu = 00:00:28 ; elapsed = 00:00:25 . Memory (MB): peak = 1288.148 ; gain = 162.117

Phase 8 Verifying routed nets

 Verification completed successfully
Phase 8 Verifying routed nets | Checksum: 999b2e8b

Time (s): cpu = 00:00:28 ; elapsed = 00:00:25 . Memory (MB): peak = 1288.797 ; gain = 162.766

Phase 9 Depositing Routes
Phase 9 Depositing Routes | Checksum: 397ac830

Time (s): cpu = 00:00:28 ; elapsed = 00:00:25 . Memory (MB): peak = 1288.797 ; gain = 162.766
INFO: [Route 35-16] Router Completed Successfully

Time (s): cpu = 00:00:28 ; elapsed = 00:00:25 . Memory (MB): peak = 1288.797 ; gain = 162.766

Routing Is Done.
INFO: [Common 17-83] Releasing license: Implementation
53 Infos, 35 Warnings, 35 Critical Warnings and 0 Errors encountered.
route_design completed successfully
route_design: Time (s): cpu = 00:00:29 ; elapsed = 00:00:25 . Memory (MB): peak = 1288.797 ; gain = 163.461
Writing placer database...
Writing XDEF routing.
Writing XDEF routing logical nets.
Writing XDEF routing special nets.
Write XDEF Complete: Time (s): cpu = 00:00:00 ; elapsed = 00:00:00.561 . Memory (MB): peak = 1288.797 ; gain = 0.000
INFO: [Common 17-1381] The checkpoint 'F:/project_2/project_2/project_2.runs/impl_1/top_routed.dcp' has been generated.
INFO: [runtcl-4] Executing : report_drc -file top_drc_routed.rpt -pb top_drc_routed.pb -rpx top_drc_routed.rpx
Command: report_drc -file top_drc_routed.rpt -pb top_drc_routed.pb -rpx top_drc_routed.rpx
INFO: [IP_Flow 19-1839] IP Catalog is up to date.
INFO: [DRC 23-27] Running DRC with 2 threads
INFO: [Coretcl 2-168] The results of DRC are in file F:/project_2/project_2/project_2.runs/impl_1/top_drc_routed.rpt.
report_drc completed successfully
INFO: [runtcl-4] Executing : report_methodology -file top_methodology_drc_routed.rpt -pb top_methodology_drc_routed.pb -rpx top_methodology_drc_routed.rpx
Command: report_methodology -file top_methodology_drc_routed.rpt -pb top_methodology_drc_routed.pb -rpx top_methodology_drc_routed.rpx
INFO: [Timing 38-35] Done setting XDC timing constraints.
INFO: [Timing 38-35] Done setting XDC timing constraints.
INFO: [DRC 23-133] Running Methodology with 2 threads
INFO: [Coretcl 2-1520] The results of Report Methodology are in file F:/project_2/project_2/project_2.runs/impl_1/top_methodology_drc_routed.rpt.
report_methodology completed successfully
INFO: [runtcl-4] Executing : report_power -file top_power_routed.rpt -pb top_power_summary_routed.pb -rpx top_power_routed.rpx
Command: report_power -file top_power_routed.rpt -pb top_power_summary_routed.pb -rpx top_power_routed.rpx
WARNING: [Power 33-232] No user defined clocks were found in the design!
Resolution: Please specify clocks using create_clock/create_generated_clock for sequential elements. For pure combinatorial circuits, please specify a virtual clock, otherwise the vectorless estimation might be inaccurate
INFO: [Timing 38-35] Done setting XDC timing constraints.
Running Vector-less Activity Propagation...

Finished Running Vector-less Activity Propagation
65 Infos, 36 Warnings, 35 Critical Warnings and 0 Errors encountered.
report_power completed successfully
INFO: [runtcl-4] Executing : report_route_status -file top_route_status.rpt -pb top_route_status.pb
INFO: [runtcl-4] Executing : report_timing_summary -max_paths 10 -file top_timing_summary_routed.rpt -rpx top_timing_summary_routed.rpx -warn_on_violation 
INFO: [Timing 38-91] UpdateTimingParams: Speed grade: -1, Delay Type: min_max.
INFO: [Timing 38-191] Multithreading enabled for timing update using a maximum of 2 CPUs
WARNING: [Timing 38-313] There are no user specified timing constraints. Timing constraints are needed for proper timing analysis.
INFO: [runtcl-4] Executing : report_incremental_reuse -file top_incremental_reuse_routed.rpt
INFO: [Vivado_Tcl 4-545] No incremental reuse to report, no incremental placement and routing data was found.
INFO: [runtcl-4] Executing : report_clock_utilization -file top_clock_utilization_routed.rpt
INFO: [Common 17-206] Exiting Vivado at Fri Nov  8 20:19:53 2019...

*** Running vivado
    with args -log top.vdi -applog -m64 -product Vivado -messageDb vivado.pb -mode batch -source top.tcl -notrace


****** Vivado v2017.4 (64-bit)
  **** SW Build 2086221 on Fri Dec 15 20:55:39 MST 2017
  **** IP Build 2085800 on Fri Dec 15 22:25:07 MST 2017
    ** Copyright 1986-2017 Xilinx, Inc. All Rights Reserved.

source top.tcl -notrace
Command: open_checkpoint top_routed.dcp

Starting open_checkpoint Task

Time (s): cpu = 00:00:00 ; elapsed = 00:00:00.021 . Memory (MB): peak = 228.266 ; gain = 0.000
INFO: [Netlist 29-17] Analyzing 6 Unisim elements for replacement
INFO: [Netlist 29-28] Unisim Transformation completed in 0 CPU seconds
INFO: [Project 1-479] Netlist was created with Vivado 2017.4
INFO: [Device 21-403] Loading part xc7a100tfgg484-1
INFO: [Project 1-570] Preparing netlist for logic optimization
Parsing XDC File [F:/project_2/project_2/project_2.runs/impl_1/.Xil/Vivado-4168-Stu59/dcp1/top.xdc]
Finished Parsing XDC File [F:/project_2/project_2/project_2.runs/impl_1/.Xil/Vivado-4168-Stu59/dcp1/top.xdc]
Reading XDEF placement.
Reading placer database...
Reading XDEF routing.
Read XDEF File: Time (s): cpu = 00:00:00 ; elapsed = 00:00:00.036 . Memory (MB): peak = 558.371 ; gain = 0.000
Restored from archive | CPU: 0.000000 secs | Memory: 0.000000 MB |
Finished XDEF File Restore: Time (s): cpu = 00:00:00 ; elapsed = 00:00:00.036 . Memory (MB): peak = 558.371 ; gain = 0.000
INFO: [Project 1-111] Unisim Transformation Summary:
No Unisim elements were transformed.

INFO: [Project 1-604] Checkpoint was created with Vivado v2017.4 (64-bit) build 2086221
open_checkpoint: Time (s): cpu = 00:00:05 ; elapsed = 00:00:09 . Memory (MB): peak = 558.371 ; gain = 331.754
Command: write_bitstream -force top.bit
Attempting to get a license for feature 'Implementation' and/or device 'xc7a100t'
INFO: [Common 17-349] Got license for feature 'Implementation' and/or device 'xc7a100t'
Running DRC as a precondition to command write_bitstream
INFO: [IP_Flow 19-234] Refreshing IP repositories
INFO: [IP_Flow 19-1704] No user IP repositories specified
INFO: [IP_Flow 19-2313] Loaded Vivado IP repository 'D:/Xilinx/Vivado/2017.4/data/ip'.
INFO: [DRC 23-27] Running DRC with 2 threads
WARNING: [DRC CFGBVS-1] Missing CFGBVS and CONFIG_VOLTAGE Design Properties: Neither the CFGBVS nor CONFIG_VOLTAGE voltage property is set in the current_design.  Configuration bank voltage select (CFGBVS) must be set to VCCO or GND, and CONFIG_VOLTAGE must be set to the correct configuration voltage, in order to determine the I/O voltage support for the pins in bank 0.  It is suggested to specify these either using the 'Edit Device Properties' function in the GUI or directly in the XDC file using the following syntax:

 set_property CFGBVS value1 [current_design]
 #where value1 is either VCCO or GND

 set_property CONFIG_VOLTAGE value2 [current_design]
 #where value2 is the voltage provided to configuration bank 0

Refer to the device configuration user guide for more information.
INFO: [Vivado 12-3199] DRC finished with 0 Errors, 1 Warnings
INFO: [Vivado 12-3200] Please refer to the DRC report (report_drc) for more information.
INFO: [Project 1-821] Please set project.enableDesignId to be 'true'.
INFO: [Designutils 20-2272] Running write_bitstream with 2 threads.
Loading data files...
Loading site data...
Loading route data...
Processing options...
Creating bitmap...
Creating bitstream...
Writing bitstream ./top.bit...
INFO: [Vivado 12-1842] Bitgen Completed Successfully.
INFO: [Project 1-120] WebTalk data collection is mandatory when using a WebPACK part without a full Vivado license. To see the specific WebTalk data collected for your design, open the usage_statistics_webtalk.html or usage_statistics_webtalk.xml file in the implementation directory.
INFO: [Common 17-83] Releasing license: Implementation
19 Infos, 1 Warnings, 0 Critical Warnings and 0 Errors encountered.
write_bitstream completed successfully
write_bitstream: Time (s): cpu = 00:00:13 ; elapsed = 00:00:14 . Memory (MB): peak = 1037.133 ; gain = 478.762
INFO: [Common 17-206] Exiting Vivado at Fri Nov  8 20:20:44 2019...
